   89  cd ~
   90  wget https://s3.amazonaws.com/amazon-reviews-pds/tsv/amazon_reviews_us_Books_v1_02.tsv.gz
   91  mkdir myproject
   92  cd myproject
   93  git init
   94  touch jbenbow.txt
   95  ls
   96  git status
   97  git add jbenbow.txt 
   98  git status
   99  git commit -m "First commit in the tutorial."
  100  git config --global user.email "jennifer.benbow@sjsu.edu"
  101  git config --global user.name "Jennifer Benbow"
  102  git commit -m "First commit in the tutorial."
  103  git remote add origin https://github.com/jenbow/newrepo.git
  104  git branch -M main
  105  git push -u origin main
  106  git pull origin master
  107  git status
  108  git pull origin main
  109  cd ..
  110  mkdir ws1
  111  cd ws1/
  112  git init
  113  history > cmds.log
